New log file opened at Thu Feb 23 09:58:47 IST 2017 by 5248@Poli-PC
Sending msg to client play-fork-run-c95f2783-dcf2-4c46-92bb-eabbe28b91c9: DetachedLogEvent(LogMessage(debug,sbt server socket logs are in: C:\Users\Poli\Desktop\hafifa\.sbtserver\connections\master.log))
Sending msg to client play-fork-run-c95f2783-dcf2-4c46-92bb-eabbe28b91c9: DetachedLogEvent(LogMessage(debug,sbt general server logs are in: C:\Users\Poli\Desktop\hafifa\.sbtserver\master.log))
Sending msg to client play-fork-run-c95f2783-dcf2-4c46-92bb-eabbe28b91c9: DetachedLogEvent(LogMessage(debug,sbt client logs are in: C:\Users\Poli\Desktop\hafifa\.sbtserver\connections\play-fork-run-c95f2783-dcf2-4c46-92bb-eabbe28b91c9.log))
Reading next message from client.
Got request: ListenToEvents()
Reading next message from client.
Sending msg to client play-fork-run-c95f2783-dcf2-4c46-92bb-eabbe28b91c9: (3,ReceivedResponse())
Got request: UnlistenToEvents()
Reading next message from client.
Sending msg to client play-fork-run-c95f2783-dcf2-4c46-92bb-eabbe28b91c9: (4,ReceivedResponse())
Got request: ListenToValue(AttributeKey[play.forkrun.protocol.ForkConfig]("playForkConfig") in Scope(Build: file:/C:/Users/Poli/Desktop/hafifa/, , Project: ProjectReference(file:/C:/Users/Poli/Desktop/hafifa/,root)))
Reading next message from client.
Got request: UnlistenToValue(AttributeKey[play.forkrun.protocol.ForkConfig]("playForkConfig") in Scope(Build: file:/C:/Users/Poli/Desktop/hafifa/, , Project: ProjectReference(file:/C:/Users/Poli/Desktop/hafifa/,root)))
Reading next message from client.
Client play-fork-run-c95f2783-dcf2-4c46-92bb-eabbe28b91c9 closed, java.net.SocketException: Software caused connection abort: recv failed, shutting down
Stopping client.
Client play-fork-run-c95f2783-dcf2-4c46-92bb-eabbe28b91c9 thread exiting.
Dropping message (5,ReceivedResponse()) to dead client play-fork-run-c95f2783-dcf2-4c46-92bb-eabbe28b91c9
Dropping message (6,ReceivedResponse()) to dead client play-fork-run-c95f2783-dcf2-4c46-92bb-eabbe28b91c9
Dropping message (0,ReceivedResponse()) to dead client play-fork-run-c95f2783-dcf2-4c46-92bb-eabbe28b91c9
